------------------------------------------
M.U.G.E.N ver 1.10 (2012.08.31) status log
------------------------------------------
Parsing command line...
Command line: E:\¸öÈË×÷Æ·\mugenÖÆ×÷\mugen1.1\mugen.exe
Parse command line OK
Initializing...
Allocating game variables
Reading configuration file...Setting language "ja".
OK
Initializing timer...performance timer enabled...frequency 2437500...OK
Initializing keyboard...configuring...OK
Initializing input engine...OK
Initializing sound...OK
Initializing BGM...  OK
Initializing graphics...gameCoord 1280x960...render mode 2_20...trying 800x600x32 mode 0x0...success...OK
Setting callbacks...OK
Initializing font...OK
Initializing game variables...OK
Session RNG seed is 1554292268
Loading system fonts...OK
Loading options...
Initializing pads...failed
Reinitializing input engine...OK
Remapping keys...OK
Reinitializing input engine...OK
Options loaded OK
Loading system...
  Load system file system.def...OK
  Load system spr...OK
  Load system snd...OK
  Load system fonts...OK
  Load system anim...OK
  Load [Title Info]...OK
  Load [Option Info]...OK
  Load [Select Info]...OK
  Load [VS Screen]...OK
  Load [Victory Screen]...OK
  Load [Demo Mode]...OK
  Load [Continue Screen]...OK
  Load [Game Over Screen]...OK
  Load [Win Screen]...OK
  Load [Survival Results Screen]...OK
  Load [Default Ending]...OK
  Load [End Credits]...OK
  Load TitleBG...VersusBG...VictoryBG...SelectBG...OptionBG...OK
  Loading fight data
    Opening fight data file data/mugen16/fight.def...OK
    Reading [Files]...OK
    Loading fonts...OK
    Load fight anim...OK
    Reading [Lifebar]...[Turns Lifebar]...[Simul Lifebar]...[Powerbar]...
    [Face]...[Simul Face]...[Turns Face]...
    [Name]...[Simul Name]...[Turns Name]...
    [Time]...[Combo]...[Round]...[WinIcon]...OK
    Allocating explods...OK
  Fight data loaded OK
Lua initing
Lua init complete
[string "F12 æˆªå›¾ï¼ˆå‚¨å­˜ä¸º mugen?.pcxï¼‰"]:1: '=' expected near 'æ'
Error executing CNS2 chunk
[string "Ctrl-D æ˜¾ç¤ºDeBugä¿¡æ¯"]:1: '=' expected near '-'
Error executing CNS2 chunk
[string "Ctrl-F è°ƒæ•´Frame-Skipè®¾å®š"]:1: '=' expected near '-'
Error executing CNS2 chunk
[string "Ctrl-S æ¸¸æˆé€Ÿåº¦è°ƒè‡³æœ€å¿«(å¯åŠ¨V-Syncæ—¶æ­¤åŠŸèƒ½æ— æ•ˆ)"]:1: '=' expected near '-'
Error executing CNS2 chunk
[string "Ctrl-V å¯åŠ¨V-SyncåŠŸèƒ½"]:1: '=' expected near '-'
Error executing CNS2 chunk
[string "Pause æ¸¸æˆæš‚åœ,åœ¨è®­ç»ƒæ¨¡å¼ä¸‹å‡ºçŽ°åŠŸèƒ½èœå•"]:1: '=' expected near 'æ'
Error executing CNS2 chunk
[string "ScrollLock åœ¨æš‚åœä¸­æ¯æŒ‰ä¸€ä¸‹å°±ç§»åŠ¨ä¸€ä¸ªç”»æ ¼"]:1: '=' expected near 'å'
Error executing CNS2 chunk
[string "Esc é€€å‡º"]:1: '=' expected near 'é'
Error executing CNS2 chunk
System loaded OK
Initialize OK
Set up graphics...timer...OK

Entering gameflow loop
Gameflow 0
Gameflow 1
Gameflow 2
Initializing character info...OK
Initializing select screen...finding characters...
  Error reading character file: chars/kfm_cn1/kfm_cn1.def
OK
Gameflow 3
Gameflow 4
Entering mode select.
Unloading match assets
Freeing players
Game loop init
Mode select init
End of mode select loop
Game loop deinit
Gameflow 6
Reset persist vars team 0
Reset persist vars team 1
Gameflow 7
Entering character select.
Unloading match assets
Freeing players
Game loop init
Unreserved all palettes
Charsel init
Selected char 1 on teamslot 0.0
Char kfm_cn.def (1) request pal 3 3F (3F) -> reserved 3 (37)
End of charsel loop
Game loop deinit
Gameflow 8
Char Cvs_Iori.def (0) request pal 1 FFF (FFF) -> reserved 1 (FFD)
Gameflow 9
Gameflow 10
Entering versus screen.
Unloading match assets
Freeing players
Game loop init
Versus screen init
End of versus screen loop
Game loop deinit
Gameflow 11
Unloading system background data...sprite data...OK
Loading match assets...
Loading stage...
  Loading BG...OK
Stage loaded OK
  Allocating helpers...OK
Match RNG seed: 941443093
Reset persist vars team 1
Loading character chars/kfm_cn/kfm_cn.def...
  Loading info...OK
  Loading cmd command set kfm.cmd...OK
  Loading cns kfm.cns...OK
  Loading cmd state entry kfm.cmd...OK
  Loading common states common1.cns...OK
  Loading sff kfm.sff...OK
  Loading anim kfm.air...OK
  Loading snd kfm.snd...OK
  Loading pals...OK
  3198 expressions (1047 on trigger lines)
Character kfm_cn.def loaded OK
New char Kung Fu Man CN loaded into cache: (1/4 cached) Load time: 410.000ms
Loading character chars/Cvs_Iori/Cvs_Iori.def...
  Loading info...Info: Iori loading in pre-1.0 compatible mode
OK
  Loading cmd command set cvs_iori.cmd...OK
  Loading cns cvs_iori-N.cns...OK
  Loading cns cvs_iori-S.cns...OK
  Loading cns cvs_iori-H.cns...OK
  Loading cns iori-common.cns...OK
  Loading cns cvs2_system.cns...OK
  Loading cmd state entry cvs_iori.cmd...OK
  Loading common states common1.cns...OK
  Loading sff cvs_iori.sff...OK
  Loading anim cvs_iori.air...OK
  Loading snd cvs_iori.snd...OK
  Loading pals...(1,1)(1,2)(1,3)(1,4)(1,5)(1,6)(1,7)(1,8)(1,9)(1,10)(1,11)(1,12)OK
  SFF v1.01 palette hack engaged.
  13232 expressions (4147 on trigger lines)
Character Cvs_Iori.def loaded OK
New char cvsiori loaded into cache: (2/4 cached) Load time: 660.000ms
Resetting round
Match assets initialized OK
Game loop init
Match loop init
Setting team all power to max
Setting team all power to max
Setting team all power to max
Resetting round
CloseWindow event forced common loop quit.
End of match loop
Total time: 61.91s
Total frames: 3690 	Skipped frames: 19
Avg game rate: 59.60
Avg frame rate: 59.30

Finishing match
Freeing players
Save persist vars P56 Kung Fu Man CN
Player Kung Fu Man CN cache count reduced: 0
Save persist vars P57 cvsiori
Player cvsiori cache count reduced: 0
Match RNG closed
Game loop deinit
Gameflow 6
Reset persist vars team 0
Reset persist vars team 1
Gameflow 7
Entering character select.
Reloading system sprite data...Reloading system background data...OK
Unloading match assets
Freeing players
Unloading stage...OK
Game loop init
Unreserved all palettes
Charsel init
Game loop deinit
Canceled character select.
Gameflow 4
Entering mode select.
Unloading match assets
Freeing players
Game loop init
Mode select init
End of mode select loop
Game loop deinit
Returned from gameflow loop
Deinitializing...
Frames      : 4287
Time elapsed: 74.470 sec
ticks: 7447, tps: 100, start 312, end 7759

Unloading match assets
Freeing players
Clearing player cache...Freeing player RC cvsiori...CMD...CNS...SFF...AIR...SND...Misc...OK
Freeing player RC Kung Fu Man CN...CMD...CNS...SFF...AIR...SND...Misc...OK
OK
Freeing character info...OK
Freeing select screen...OK
Freeing fight data...OK
Freeing system data...OK
Freeing game variables...Unloading match assets
Freeing players
OK
Deinitializing input...pad...keyboard...OK
Removing callbacks...OK
Deintializing timer...OK
Deinitializing graphics...OK
Deinitializing BGM...OK
Deinitializing sound...OK
Successful program termination.

Log file successfully closed.
