------------------------------------------
M.U.G.E.N ver 1.10 (2012.08.31) status log
------------------------------------------
Parsing command line...
Command line: E:\mugen1.1\mugen.exe
Parse command line OK
Initializing...
Allocating game variables
Reading configuration file...Setting language "ja".
OK
Initializing timer...performance timer enabled...frequency 3215253...OK
Initializing keyboard...configuring...OK
Initializing input engine...OK
Initializing sound...OK
Initializing BGM...  OK
Initializing graphics...gameCoord 1280x960...render mode 2_20...trying 800x600x32 mode 0x0...success...OK
Setting callbacks...OK
Initializing font...OK
Initializing game variables...OK
Session RNG seed is 1461591888
Loading system fonts...OK
Loading options...
Initializing pads...failed
Reinitializing input engine...OK
Remapping keys...OK
Reinitializing input engine...OK
Options loaded OK
Loading system...
  Load system file system.def...OK
  Load system spr...OK
  Load system snd...OK
  Load system fonts...OK
  Load system anim...OK
  Load [Title Info]...OK
  Load [Option Info]...OK
  Load [Select Info]...OK
  Load [VS Screen]...OK
  Load [Victory Screen]...OK
  Load [Demo Mode]...OK
  Load [Continue Screen]...OK
  Load [Game Over Screen]...OK
  Load [Win Screen]...OK
  Load [Survival Results Screen]...OK
  Load [Default Ending]...OK
  Load [End Credits]...OK
  Load TitleBG...VersusBG...VictoryBG...SelectBG...OptionBG...OK
  Loading fight data
    Opening fight data file data/mugen16/fight.def...OK
    Reading [Files]...OK
    Loading fonts...OK
    Load fight anim...OK
    Reading [Lifebar]...[Turns Lifebar]...[Simul Lifebar]...[Powerbar]...
    [Face]...[Simul Face]...[Turns Face]...
    [Name]...[Simul Name]...[Turns Name]...
    [Time]...[Combo]...[Round]...[WinIcon]...OK
    Allocating explods...OK
  Fight data loaded OK
Lua initing
Lua init complete
System loaded OK
Initialize OK
Set up graphics...timer...OK

Entering gameflow loop
Gameflow 0
Gameflow 1
Gameflow 2
Initializing character info...OK
Initializing select screen...finding characters...OK
Gameflow 3
Gameflow 4
Entering mode select.
Unloading match assets
Freeing players
Game loop init
Mode select init
End of mode select loop
Game loop deinit
Gameflow 6
Reset persist vars team 0
Reset persist vars team 1
Gameflow 7
Entering character select.
Unloading match assets
Freeing players
Game loop init
Unreserved all palettes
Charsel init
Selected char 0 on teamslot 0.0
Char cckfm.def (0) request pal 0 1 (1) -> reserved 0 (0)
Selected char 0 on teamslot 1.0
Char cckfm.def (0) request pal 0 1 (0) -> reserved 0 (0)
End of charsel loop
Game loop deinit
Gameflow 8
Gameflow 9
Gameflow 10
Entering versus screen.
Unloading match assets
Freeing players
Game loop init
Versus screen init
End of versus screen loop
Game loop deinit
Gameflow 11
Unloading system background data...sprite data...OK
Loading match assets...
Loading stage...
  Loading BG...OK
Stage loaded OK
  Allocating helpers...OK
Match RNG seed: 535675441
Reset persist vars team 0
Reset persist vars team 1
Loading character chars/cckfm/cckfm.def...
  Loading info...Info: chain combo KFM loading in pre-1.0 compatible mode
OK
  Loading cmd command set cckfm.cmd...OK
  Loading cns cckfm.cns...OK
  Loading cmd state entry cckfm.cmd...OK
  Loading common states common.cns...OK
  Loading sff cckfm.sff...OK
  Loading anim cckfm.air...OK
  Loading snd cckfm.snd...OK
  Loading pals...(1,1)OK
  SFF v1.01 palette hack engaged.
  5277 expressions (2078 on trigger lines)
Character cckfm.def loaded OK
New char chain combo KFM loaded into cache: (1/4 cached) Load time: 90.000ms
Player chain combo KFM cache count increased: 2
Resetting round
Match assets initialized OK
Game loop init
Match loop init
End of match loop
Total time: 10.29s
Total frames: 624 	Skipped frames: 0
Avg game rate: 60.64
Avg frame rate: 60.64

Finishing match
Freeing players
Save persist vars P56 chain combo KFM
Player chain combo KFM cache count reduced: 1
Save persist vars P57 chain combo KFM
Player chain combo KFM cache count reduced: 0
Match RNG closed
Game loop deinit
Gameflow 6
Reset persist vars team 0
Reset persist vars team 1
Gameflow 7
Entering character select.
Reloading system sprite data...Reloading system background data...OK
Unloading match assets
Freeing players
Unloading stage...OK
Game loop init
Unreserved all palettes
Charsel init
Game loop deinit
Canceled character select.
Gameflow 4
Entering mode select.
Unloading match assets
Freeing players
Game loop init
Mode select init
End of mode select loop
Game loop deinit
Returned from gameflow loop
Deinitializing...
Frames      : 996
Time elapsed: 16.740 sec
ticks: 1674, tps: 100, start 110, end 1784

Unloading match assets
Freeing players
Clearing player cache...Freeing player RC chain combo KFM...CMD...CNS...SFF...AIR...SND...Misc...OK
OK
Freeing character info...OK
Freeing select screen...OK
Freeing fight data...OK
Freeing system data...OK
Freeing game variables...Unloading match assets
Freeing players
OK
Deinitializing input...pad...keyboard...OK
Removing callbacks...OK
Deintializing timer...OK
Deinitializing graphics...OK
Deinitializing BGM...OK
Deinitializing sound...OK
Successful program termination.

Log file successfully closed.
